[14:57:14.873][WARN][ThreadActorDispatcher:74] QQActor dispatchAction Error!
java.lang.IllegalArgumentException: Illegal character in query at index 548: http://14.76.web1.im.weibo.com/im/handshake?jsonp=parent.webimCB._callback0&message=%5B%7B%22ext%22%3A%7B%22timesync%22%3A%7B%22l%22%3A0%2C%22tc%22%3A%221423465034832%22%2C%22o%22%3A0%7D%2C%22ack%22%3Atrue%7D%2C%22minimumVersion%22%3A%220.9%22%2C%22supportedConnectionTypes%22%3A%5B%22callback-polling%22%5D%2C%22advice%22%3A%7B%22interval%22%3A0%2C%22timeout%22%3A60000%7D%2C%22channel%22%3A%22%2Fmeta%2Fhandshake%22%2C%22id%22%3A%221%22%2C%22version%22%3A%221.0%22%2C%22timestamp%22%3A%22Mon%2C%2009%20Feb%202015%2006%3A57%3A14%20GMT%22%7D%5D&Mon Feb 09 2015 14:57:14 GMT+0800 (CST)
	at java.net.URI.create(URI.java:852) ~[na:1.8.0_25]
	at iqq.im.service.ApacheHttpService.executeHttpRequest(ApacheHttpService.java:153) ~[classes/:na]
	at iqq.im.actor.HttpActor.execute(HttpActor.java:62) ~[classes/:na]
	at iqq.im.actor.ThreadActorDispatcher.dispatchAction(ThreadActorDispatcher.java:71) [classes/:na]
	at iqq.im.actor.ThreadActorDispatcher.run(ThreadActorDispatcher.java:84) [classes/:na]
	at java.lang.Thread.run(Thread.java:745) [na:1.8.0_25]
Caused by: java.net.URISyntaxException: Illegal character in query at index 548: http://14.76.web1.im.weibo.com/im/handshake?jsonp=parent.webimCB._callback0&message=%5B%7B%22ext%22%3A%7B%22timesync%22%3A%7B%22l%22%3A0%2C%22tc%22%3A%221423465034832%22%2C%22o%22%3A0%7D%2C%22ack%22%3Atrue%7D%2C%22minimumVersion%22%3A%220.9%22%2C%22supportedConnectionTypes%22%3A%5B%22callback-polling%22%5D%2C%22advice%22%3A%7B%22interval%22%3A0%2C%22timeout%22%3A60000%7D%2C%22channel%22%3A%22%2Fmeta%2Fhandshake%22%2C%22id%22%3A%221%22%2C%22version%22%3A%221.0%22%2C%22timestamp%22%3A%22Mon%2C%2009%20Feb%202015%2006%3A57%3A14%20GMT%22%7D%5D&Mon Feb 09 2015 14:57:14 GMT+0800 (CST)
	at java.net.URI$Parser.fail(URI.java:2848) ~[na:1.8.0_25]
	at java.net.URI$Parser.checkChars(URI.java:3021) ~[na:1.8.0_25]
	at java.net.URI$Parser.parseHierarchical(URI.java:3111) ~[na:1.8.0_25]
	at java.net.URI$Parser.parse(URI.java:3053) ~[na:1.8.0_25]
	at java.net.URI.<init>(URI.java:588) ~[na:1.8.0_25]
	at java.net.URI.create(URI.java:850) ~[na:1.8.0_25]
	... 5 common frames omitted
[14:59:03.538][WARN][ThreadActorDispatcher:74] QQActor dispatchAction Error!
java.lang.IllegalArgumentException: Illegal character in query at index 548: http://14.76.web1.im.weibo.com/im/handshake?jsonp=parent.webimCB._callback0&message=%5B%7B%22ext%22%3A%7B%22timesync%22%3A%7B%22l%22%3A0%2C%22tc%22%3A%221423465143507%22%2C%22o%22%3A0%7D%2C%22ack%22%3Atrue%7D%2C%22minimumVersion%22%3A%220.9%22%2C%22supportedConnectionTypes%22%3A%5B%22callback-polling%22%5D%2C%22advice%22%3A%7B%22interval%22%3A0%2C%22timeout%22%3A60000%7D%2C%22channel%22%3A%22%2Fmeta%2Fhandshake%22%2C%22id%22%3A%221%22%2C%22version%22%3A%221.0%22%2C%22timestamp%22%3A%22Mon%2C%2009%20Feb%202015%2006%3A59%3A03%20GMT%22%7D%5D&Mon Feb 09 2015 14:59:03 GMT+0800 (CST)
	at java.net.URI.create(URI.java:852) ~[na:1.8.0_25]
	at iqq.im.service.ApacheHttpService.executeHttpRequest(ApacheHttpService.java:153) ~[classes/:na]
	at iqq.im.actor.HttpActor.execute(HttpActor.java:62) ~[classes/:na]
	at iqq.im.actor.ThreadActorDispatcher.dispatchAction(ThreadActorDispatcher.java:71) [classes/:na]
	at iqq.im.actor.ThreadActorDispatcher.run(ThreadActorDispatcher.java:84) [classes/:na]
	at java.lang.Thread.run(Thread.java:745) [na:1.8.0_25]
Caused by: java.net.URISyntaxException: Illegal character in query at index 548: http://14.76.web1.im.weibo.com/im/handshake?jsonp=parent.webimCB._callback0&message=%5B%7B%22ext%22%3A%7B%22timesync%22%3A%7B%22l%22%3A0%2C%22tc%22%3A%221423465143507%22%2C%22o%22%3A0%7D%2C%22ack%22%3Atrue%7D%2C%22minimumVersion%22%3A%220.9%22%2C%22supportedConnectionTypes%22%3A%5B%22callback-polling%22%5D%2C%22advice%22%3A%7B%22interval%22%3A0%2C%22timeout%22%3A60000%7D%2C%22channel%22%3A%22%2Fmeta%2Fhandshake%22%2C%22id%22%3A%221%22%2C%22version%22%3A%221.0%22%2C%22timestamp%22%3A%22Mon%2C%2009%20Feb%202015%2006%3A59%3A03%20GMT%22%7D%5D&Mon Feb 09 2015 14:59:03 GMT+0800 (CST)
	at java.net.URI$Parser.fail(URI.java:2848) ~[na:1.8.0_25]
	at java.net.URI$Parser.checkChars(URI.java:3021) ~[na:1.8.0_25]
	at java.net.URI$Parser.parseHierarchical(URI.java:3111) ~[na:1.8.0_25]
	at java.net.URI$Parser.parse(URI.java:3053) ~[na:1.8.0_25]
	at java.net.URI.<init>(URI.java:588) ~[na:1.8.0_25]
	at java.net.URI.create(URI.java:850) ~[na:1.8.0_25]
	... 5 common frames omitted
