[10:07:53.939][WARN][PollMsgAction:183] unknown pollType: group_web_message
[10:07:54.137][WARN][PollMsgAction:183] unknown pollType: group_web_message
[10:13:30.445][WARN][ProcModule:296] poll msg error, retrying....
iqq.im.QQException: IO_TIMEOUT
	at iqq.im.action.AbstractHttpAction.doRetryIt(AbstractHttpAction.java:251) [classes/:na]
	at iqq.im.action.AbstractHttpAction.onHttpError(AbstractHttpAction.java:102) [classes/:na]
	at iqq.im.actor.HttpActor.execute(HttpActor.java:72) [classes/:na]
	at iqq.im.actor.ThreadActorDispatcher.dispatchAction(ThreadActorDispatcher.java:71) [classes/:na]
	at iqq.im.actor.ThreadActorDispatcher.run(ThreadActorDispatcher.java:84) [classes/:na]
	at java.lang.Thread.run(Thread.java:745) [na:1.8.0_25]
java.net.SocketTimeoutException: null
	at org.apache.http.nio.pool.RouteSpecificPool.timeout(RouteSpecificPool.java:170) ~[httpcore-nio-4.2.2.jar:4.2.2]
	at org.apache.http.nio.pool.AbstractNIOConnPool.requestTimeout(AbstractNIOConnPool.java:403) ~[httpcore-nio-4.2.2.jar:4.2.2]
	at org.apache.http.nio.pool.AbstractNIOConnPool$InternalSessionRequestCallback.timeout(AbstractNIOConnPool.java:593) ~[httpcore-nio-4.2.2.jar:4.2.2]
	at org.apache.http.impl.nio.reactor.SessionRequestImpl.timeout(SessionRequestImpl.java:180) ~[httpcore-nio-4.2.2.jar:4.2.2]
	at org.apache.http.impl.nio.reactor.DefaultConnectingIOReactor.processTimeouts(DefaultConnectingIOReactor.java:214) ~[httpcore-nio-4.2.2.jar:4.2.2]
	at org.apache.http.impl.nio.reactor.DefaultConnectingIOReactor.processEvents(DefaultConnectingIOReactor.java:157) ~[httpcore-nio-4.2.2.jar:4.2.2]
	at org.apache.http.impl.nio.reactor.AbstractMultiworkerIOReactor.execute(AbstractMultiworkerIOReactor.java:374) ~[httpcore-nio-4.2.2.jar:4.2.2]
	at org.apache.http.impl.nio.conn.PoolingClientAsyncConnectionManager.execute(PoolingClientAsyncConnectionManager.java:108) ~[httpasyncclient-4.0-beta3.jar:4.0-beta3]
	at org.apache.http.impl.nio.client.AbstractHttpAsyncClient.doExecute(AbstractHttpAsyncClient.java:464) ~[httpasyncclient-4.0-beta3.jar:4.0-beta3]
	at org.apache.http.impl.nio.client.AbstractHttpAsyncClient.access$000(AbstractHttpAsyncClient.java:101) ~[httpasyncclient-4.0-beta3.jar:4.0-beta3]
	at org.apache.http.impl.nio.client.AbstractHttpAsyncClient$1.run(AbstractHttpAsyncClient.java:485) ~[httpasyncclient-4.0-beta3.jar:4.0-beta3]
[10:17:53.587][WARN][ProcModule:296] poll msg error, retrying....
iqq.im.QQException: IO_TIMEOUT
	at iqq.im.action.AbstractHttpAction.doRetryIt(AbstractHttpAction.java:251) [classes/:na]
	at iqq.im.action.AbstractHttpAction.onHttpError(AbstractHttpAction.java:102) [classes/:na]
	at iqq.im.actor.HttpActor.execute(HttpActor.java:72) [classes/:na]
	at iqq.im.actor.ThreadActorDispatcher.dispatchAction(ThreadActorDispatcher.java:71) [classes/:na]
	at iqq.im.actor.ThreadActorDispatcher.run(ThreadActorDispatcher.java:84) [classes/:na]
	at java.lang.Thread.run(Thread.java:745) [na:1.8.0_25]
java.net.SocketTimeoutException: null
	at org.apache.http.nio.pool.RouteSpecificPool.timeout(RouteSpecificPool.java:170) ~[httpcore-nio-4.2.2.jar:4.2.2]
	at org.apache.http.nio.pool.AbstractNIOConnPool.requestTimeout(AbstractNIOConnPool.java:403) ~[httpcore-nio-4.2.2.jar:4.2.2]
	at org.apache.http.nio.pool.AbstractNIOConnPool$InternalSessionRequestCallback.timeout(AbstractNIOConnPool.java:593) ~[httpcore-nio-4.2.2.jar:4.2.2]
	at org.apache.http.impl.nio.reactor.SessionRequestImpl.timeout(SessionRequestImpl.java:180) ~[httpcore-nio-4.2.2.jar:4.2.2]
	at org.apache.http.impl.nio.reactor.DefaultConnectingIOReactor.processTimeouts(DefaultConnectingIOReactor.java:214) ~[httpcore-nio-4.2.2.jar:4.2.2]
	at org.apache.http.impl.nio.reactor.DefaultConnectingIOReactor.processEvents(DefaultConnectingIOReactor.java:157) ~[httpcore-nio-4.2.2.jar:4.2.2]
	at org.apache.http.impl.nio.reactor.AbstractMultiworkerIOReactor.execute(AbstractMultiworkerIOReactor.java:374) ~[httpcore-nio-4.2.2.jar:4.2.2]
	at org.apache.http.impl.nio.conn.PoolingClientAsyncConnectionManager.execute(PoolingClientAsyncConnectionManager.java:108) ~[httpasyncclient-4.0-beta3.jar:4.0-beta3]
	at org.apache.http.impl.nio.client.AbstractHttpAsyncClient.doExecute(AbstractHttpAsyncClient.java:464) ~[httpasyncclient-4.0-beta3.jar:4.0-beta3]
	at org.apache.http.impl.nio.client.AbstractHttpAsyncClient.access$000(AbstractHttpAsyncClient.java:101) ~[httpasyncclient-4.0-beta3.jar:4.0-beta3]
	at org.apache.http.impl.nio.client.AbstractHttpAsyncClient$1.run(AbstractHttpAsyncClient.java:485) ~[httpasyncclient-4.0-beta3.jar:4.0-beta3]
[10:18:05.156][WARN][ProcModule:296] poll msg error, retrying....
iqq.im.QQException: IO_TIMEOUT
	at iqq.im.action.AbstractHttpAction.doRetryIt(AbstractHttpAction.java:251) [classes/:na]
	at iqq.im.action.AbstractHttpAction.onHttpError(AbstractHttpAction.java:102) [classes/:na]
	at iqq.im.actor.HttpActor.execute(HttpActor.java:72) [classes/:na]
	at iqq.im.actor.ThreadActorDispatcher.dispatchAction(ThreadActorDispatcher.java:71) [classes/:na]
	at iqq.im.actor.ThreadActorDispatcher.run(ThreadActorDispatcher.java:84) [classes/:na]
	at java.lang.Thread.run(Thread.java:745) [na:1.8.0_25]
java.net.SocketTimeoutException: null
	at org.apache.http.nio.pool.RouteSpecificPool.timeout(RouteSpecificPool.java:170) ~[httpcore-nio-4.2.2.jar:4.2.2]
	at org.apache.http.nio.pool.AbstractNIOConnPool.requestTimeout(AbstractNIOConnPool.java:403) ~[httpcore-nio-4.2.2.jar:4.2.2]
	at org.apache.http.nio.pool.AbstractNIOConnPool$InternalSessionRequestCallback.timeout(AbstractNIOConnPool.java:593) ~[httpcore-nio-4.2.2.jar:4.2.2]
	at org.apache.http.impl.nio.reactor.SessionRequestImpl.timeout(SessionRequestImpl.java:180) ~[httpcore-nio-4.2.2.jar:4.2.2]
	at org.apache.http.impl.nio.reactor.DefaultConnectingIOReactor.processTimeouts(DefaultConnectingIOReactor.java:214) ~[httpcore-nio-4.2.2.jar:4.2.2]
	at org.apache.http.impl.nio.reactor.DefaultConnectingIOReactor.processEvents(DefaultConnectingIOReactor.java:157) ~[httpcore-nio-4.2.2.jar:4.2.2]
	at org.apache.http.impl.nio.reactor.AbstractMultiworkerIOReactor.execute(AbstractMultiworkerIOReactor.java:374) ~[httpcore-nio-4.2.2.jar:4.2.2]
	at org.apache.http.impl.nio.conn.PoolingClientAsyncConnectionManager.execute(PoolingClientAsyncConnectionManager.java:108) ~[httpasyncclient-4.0-beta3.jar:4.0-beta3]
	at org.apache.http.impl.nio.client.AbstractHttpAsyncClient.doExecute(AbstractHttpAsyncClient.java:464) ~[httpasyncclient-4.0-beta3.jar:4.0-beta3]
	at org.apache.http.impl.nio.client.AbstractHttpAsyncClient.access$000(AbstractHttpAsyncClient.java:101) ~[httpasyncclient-4.0-beta3.jar:4.0-beta3]
	at org.apache.http.impl.nio.client.AbstractHttpAsyncClient$1.run(AbstractHttpAsyncClient.java:485) ~[httpasyncclient-4.0-beta3.jar:4.0-beta3]
[10:21:43.330][WARN][ProcModule:296] poll msg error, retrying....
iqq.im.QQException: IO_TIMEOUT
	at iqq.im.action.AbstractHttpAction.doRetryIt(AbstractHttpAction.java:251) [classes/:na]
	at iqq.im.action.AbstractHttpAction.onHttpError(AbstractHttpAction.java:102) [classes/:na]
	at iqq.im.actor.HttpActor.execute(HttpActor.java:72) [classes/:na]
	at iqq.im.actor.ThreadActorDispatcher.dispatchAction(ThreadActorDispatcher.java:71) [classes/:na]
	at iqq.im.actor.ThreadActorDispatcher.run(ThreadActorDispatcher.java:84) [classes/:na]
	at java.lang.Thread.run(Thread.java:745) [na:1.8.0_25]
java.net.SocketTimeoutException: null
	at org.apache.http.nio.pool.RouteSpecificPool.timeout(RouteSpecificPool.java:170) ~[httpcore-nio-4.2.2.jar:4.2.2]
	at org.apache.http.nio.pool.AbstractNIOConnPool.requestTimeout(AbstractNIOConnPool.java:403) ~[httpcore-nio-4.2.2.jar:4.2.2]
	at org.apache.http.nio.pool.AbstractNIOConnPool$InternalSessionRequestCallback.timeout(AbstractNIOConnPool.java:593) ~[httpcore-nio-4.2.2.jar:4.2.2]
	at org.apache.http.impl.nio.reactor.SessionRequestImpl.timeout(SessionRequestImpl.java:180) ~[httpcore-nio-4.2.2.jar:4.2.2]
	at org.apache.http.impl.nio.reactor.DefaultConnectingIOReactor.processTimeouts(DefaultConnectingIOReactor.java:214) ~[httpcore-nio-4.2.2.jar:4.2.2]
	at org.apache.http.impl.nio.reactor.DefaultConnectingIOReactor.processEvents(DefaultConnectingIOReactor.java:157) ~[httpcore-nio-4.2.2.jar:4.2.2]
	at org.apache.http.impl.nio.reactor.AbstractMultiworkerIOReactor.execute(AbstractMultiworkerIOReactor.java:374) ~[httpcore-nio-4.2.2.jar:4.2.2]
	at org.apache.http.impl.nio.conn.PoolingClientAsyncConnectionManager.execute(PoolingClientAsyncConnectionManager.java:108) ~[httpasyncclient-4.0-beta3.jar:4.0-beta3]
	at org.apache.http.impl.nio.client.AbstractHttpAsyncClient.doExecute(AbstractHttpAsyncClient.java:464) ~[httpasyncclient-4.0-beta3.jar:4.0-beta3]
	at org.apache.http.impl.nio.client.AbstractHttpAsyncClient.access$000(AbstractHttpAsyncClient.java:101) ~[httpasyncclient-4.0-beta3.jar:4.0-beta3]
	at org.apache.http.impl.nio.client.AbstractHttpAsyncClient$1.run(AbstractHttpAsyncClient.java:485) ~[httpasyncclient-4.0-beta3.jar:4.0-beta3]
[10:24:59.528][WARN][ProcModule:296] poll msg error, retrying....
iqq.im.QQException: IO_TIMEOUT
	at iqq.im.action.AbstractHttpAction.doRetryIt(AbstractHttpAction.java:251) [classes/:na]
	at iqq.im.action.AbstractHttpAction.onHttpError(AbstractHttpAction.java:102) [classes/:na]
	at iqq.im.actor.HttpActor.execute(HttpActor.java:72) [classes/:na]
	at iqq.im.actor.ThreadActorDispatcher.dispatchAction(ThreadActorDispatcher.java:71) [classes/:na]
	at iqq.im.actor.ThreadActorDispatcher.run(ThreadActorDispatcher.java:84) [classes/:na]
	at java.lang.Thread.run(Thread.java:745) [na:1.8.0_25]
java.net.SocketTimeoutException: null
	at org.apache.http.nio.pool.RouteSpecificPool.timeout(RouteSpecificPool.java:170) ~[httpcore-nio-4.2.2.jar:4.2.2]
	at org.apache.http.nio.pool.AbstractNIOConnPool.requestTimeout(AbstractNIOConnPool.java:403) ~[httpcore-nio-4.2.2.jar:4.2.2]
	at org.apache.http.nio.pool.AbstractNIOConnPool$InternalSessionRequestCallback.timeout(AbstractNIOConnPool.java:593) ~[httpcore-nio-4.2.2.jar:4.2.2]
	at org.apache.http.impl.nio.reactor.SessionRequestImpl.timeout(SessionRequestImpl.java:180) ~[httpcore-nio-4.2.2.jar:4.2.2]
	at org.apache.http.impl.nio.reactor.DefaultConnectingIOReactor.processTimeouts(DefaultConnectingIOReactor.java:214) ~[httpcore-nio-4.2.2.jar:4.2.2]
	at org.apache.http.impl.nio.reactor.DefaultConnectingIOReactor.processEvents(DefaultConnectingIOReactor.java:157) ~[httpcore-nio-4.2.2.jar:4.2.2]
	at org.apache.http.impl.nio.reactor.AbstractMultiworkerIOReactor.execute(AbstractMultiworkerIOReactor.java:374) ~[httpcore-nio-4.2.2.jar:4.2.2]
	at org.apache.http.impl.nio.conn.PoolingClientAsyncConnectionManager.execute(PoolingClientAsyncConnectionManager.java:108) ~[httpasyncclient-4.0-beta3.jar:4.0-beta3]
	at org.apache.http.impl.nio.client.AbstractHttpAsyncClient.doExecute(AbstractHttpAsyncClient.java:464) ~[httpasyncclient-4.0-beta3.jar:4.0-beta3]
	at org.apache.http.impl.nio.client.AbstractHttpAsyncClient.access$000(AbstractHttpAsyncClient.java:101) ~[httpasyncclient-4.0-beta3.jar:4.0-beta3]
	at org.apache.http.impl.nio.client.AbstractHttpAsyncClient$1.run(AbstractHttpAsyncClient.java:485) ~[httpasyncclient-4.0-beta3.jar:4.0-beta3]
[10:27:11.528][WARN][ProcModule:296] poll msg error, retrying....
iqq.im.QQException: IO_TIMEOUT
	at iqq.im.action.AbstractHttpAction.doRetryIt(AbstractHttpAction.java:251) [classes/:na]
	at iqq.im.action.AbstractHttpAction.onHttpError(AbstractHttpAction.java:102) [classes/:na]
	at iqq.im.actor.HttpActor.execute(HttpActor.java:72) [classes/:na]
	at iqq.im.actor.ThreadActorDispatcher.dispatchAction(ThreadActorDispatcher.java:71) [classes/:na]
	at iqq.im.actor.ThreadActorDispatcher.run(ThreadActorDispatcher.java:84) [classes/:na]
	at java.lang.Thread.run(Thread.java:745) [na:1.8.0_25]
java.net.SocketTimeoutException: null
	at org.apache.http.nio.pool.RouteSpecificPool.timeout(RouteSpecificPool.java:170) ~[httpcore-nio-4.2.2.jar:4.2.2]
	at org.apache.http.nio.pool.AbstractNIOConnPool.requestTimeout(AbstractNIOConnPool.java:403) ~[httpcore-nio-4.2.2.jar:4.2.2]
	at org.apache.http.nio.pool.AbstractNIOConnPool$InternalSessionRequestCallback.timeout(AbstractNIOConnPool.java:593) ~[httpcore-nio-4.2.2.jar:4.2.2]
	at org.apache.http.impl.nio.reactor.SessionRequestImpl.timeout(SessionRequestImpl.java:180) ~[httpcore-nio-4.2.2.jar:4.2.2]
	at org.apache.http.impl.nio.reactor.DefaultConnectingIOReactor.processTimeouts(DefaultConnectingIOReactor.java:214) ~[httpcore-nio-4.2.2.jar:4.2.2]
	at org.apache.http.impl.nio.reactor.DefaultConnectingIOReactor.processEvents(DefaultConnectingIOReactor.java:157) ~[httpcore-nio-4.2.2.jar:4.2.2]
	at org.apache.http.impl.nio.reactor.AbstractMultiworkerIOReactor.execute(AbstractMultiworkerIOReactor.java:374) ~[httpcore-nio-4.2.2.jar:4.2.2]
	at org.apache.http.impl.nio.conn.PoolingClientAsyncConnectionManager.execute(PoolingClientAsyncConnectionManager.java:108) ~[httpasyncclient-4.0-beta3.jar:4.0-beta3]
	at org.apache.http.impl.nio.client.AbstractHttpAsyncClient.doExecute(AbstractHttpAsyncClient.java:464) ~[httpasyncclient-4.0-beta3.jar:4.0-beta3]
	at org.apache.http.impl.nio.client.AbstractHttpAsyncClient.access$000(AbstractHttpAsyncClient.java:101) ~[httpasyncclient-4.0-beta3.jar:4.0-beta3]
	at org.apache.http.impl.nio.client.AbstractHttpAsyncClient$1.run(AbstractHttpAsyncClient.java:485) ~[httpasyncclient-4.0-beta3.jar:4.0-beta3]
[10:27:16.453][WARN][ProcModule:296] poll msg error, retrying....
iqq.im.QQException: ERROR_HTTP_STATUS
	at iqq.im.action.AbstractHttpAction.doRetryIt(AbstractHttpAction.java:251) [classes/:na]
	at iqq.im.action.AbstractHttpAction.onHttpStatusError(AbstractHttpAction.java:199) [classes/:na]
	at iqq.im.action.AbstractHttpAction.onHttpFinish(AbstractHttpAction.java:87) [classes/:na]
	at iqq.im.action.PollMsgAction.onHttpFinish(PollMsgAction.java:109) [classes/:na]
	at iqq.im.actor.HttpActor.execute(HttpActor.java:76) [classes/:na]
	at iqq.im.actor.ThreadActorDispatcher.dispatchAction(ThreadActorDispatcher.java:71) [classes/:na]
	at iqq.im.actor.ThreadActorDispatcher.run(ThreadActorDispatcher.java:84) [classes/:na]
	at java.lang.Thread.run(Thread.java:745) [na:1.8.0_25]
[10:27:27.998][WARN][ProcModule:296] poll msg error, retrying....
iqq.im.QQException: IO_TIMEOUT
	at iqq.im.action.AbstractHttpAction.doRetryIt(AbstractHttpAction.java:251) [classes/:na]
	at iqq.im.action.AbstractHttpAction.onHttpError(AbstractHttpAction.java:102) [classes/:na]
	at iqq.im.actor.HttpActor.execute(HttpActor.java:72) [classes/:na]
	at iqq.im.actor.ThreadActorDispatcher.dispatchAction(ThreadActorDispatcher.java:71) [classes/:na]
	at iqq.im.actor.ThreadActorDispatcher.run(ThreadActorDispatcher.java:84) [classes/:na]
	at java.lang.Thread.run(Thread.java:745) [na:1.8.0_25]
java.net.SocketTimeoutException: null
	at org.apache.http.nio.pool.RouteSpecificPool.timeout(RouteSpecificPool.java:170) ~[httpcore-nio-4.2.2.jar:4.2.2]
	at org.apache.http.nio.pool.AbstractNIOConnPool.requestTimeout(AbstractNIOConnPool.java:403) ~[httpcore-nio-4.2.2.jar:4.2.2]
	at org.apache.http.nio.pool.AbstractNIOConnPool$InternalSessionRequestCallback.timeout(AbstractNIOConnPool.java:593) ~[httpcore-nio-4.2.2.jar:4.2.2]
	at org.apache.http.impl.nio.reactor.SessionRequestImpl.timeout(SessionRequestImpl.java:180) ~[httpcore-nio-4.2.2.jar:4.2.2]
	at org.apache.http.impl.nio.reactor.DefaultConnectingIOReactor.processTimeouts(DefaultConnectingIOReactor.java:214) ~[httpcore-nio-4.2.2.jar:4.2.2]
	at org.apache.http.impl.nio.reactor.DefaultConnectingIOReactor.processEvents(DefaultConnectingIOReactor.java:157) ~[httpcore-nio-4.2.2.jar:4.2.2]
	at org.apache.http.impl.nio.reactor.AbstractMultiworkerIOReactor.execute(AbstractMultiworkerIOReactor.java:374) ~[httpcore-nio-4.2.2.jar:4.2.2]
	at org.apache.http.impl.nio.conn.PoolingClientAsyncConnectionManager.execute(PoolingClientAsyncConnectionManager.java:108) ~[httpasyncclient-4.0-beta3.jar:4.0-beta3]
	at org.apache.http.impl.nio.client.AbstractHttpAsyncClient.doExecute(AbstractHttpAsyncClient.java:464) ~[httpasyncclient-4.0-beta3.jar:4.0-beta3]
	at org.apache.http.impl.nio.client.AbstractHttpAsyncClient.access$000(AbstractHttpAsyncClient.java:101) ~[httpasyncclient-4.0-beta3.jar:4.0-beta3]
	at org.apache.http.impl.nio.client.AbstractHttpAsyncClient$1.run(AbstractHttpAsyncClient.java:485) ~[httpasyncclient-4.0-beta3.jar:4.0-beta3]
[10:27:39.531][WARN][ProcModule:296] poll msg error, retrying....
iqq.im.QQException: IO_TIMEOUT
	at iqq.im.action.AbstractHttpAction.doRetryIt(AbstractHttpAction.java:251) [classes/:na]
	at iqq.im.action.AbstractHttpAction.onHttpError(AbstractHttpAction.java:102) [classes/:na]
	at iqq.im.actor.HttpActor.execute(HttpActor.java:72) [classes/:na]
	at iqq.im.actor.ThreadActorDispatcher.dispatchAction(ThreadActorDispatcher.java:71) [classes/:na]
	at iqq.im.actor.ThreadActorDispatcher.run(ThreadActorDispatcher.java:84) [classes/:na]
	at java.lang.Thread.run(Thread.java:745) [na:1.8.0_25]
java.net.SocketTimeoutException: null
	at org.apache.http.nio.pool.RouteSpecificPool.timeout(RouteSpecificPool.java:170) ~[httpcore-nio-4.2.2.jar:4.2.2]
	at org.apache.http.nio.pool.AbstractNIOConnPool.requestTimeout(AbstractNIOConnPool.java:403) ~[httpcore-nio-4.2.2.jar:4.2.2]
	at org.apache.http.nio.pool.AbstractNIOConnPool$InternalSessionRequestCallback.timeout(AbstractNIOConnPool.java:593) ~[httpcore-nio-4.2.2.jar:4.2.2]
	at org.apache.http.impl.nio.reactor.SessionRequestImpl.timeout(SessionRequestImpl.java:180) ~[httpcore-nio-4.2.2.jar:4.2.2]
	at org.apache.http.impl.nio.reactor.DefaultConnectingIOReactor.processTimeouts(DefaultConnectingIOReactor.java:214) ~[httpcore-nio-4.2.2.jar:4.2.2]
	at org.apache.http.impl.nio.reactor.DefaultConnectingIOReactor.processEvents(DefaultConnectingIOReactor.java:157) ~[httpcore-nio-4.2.2.jar:4.2.2]
	at org.apache.http.impl.nio.reactor.AbstractMultiworkerIOReactor.execute(AbstractMultiworkerIOReactor.java:374) ~[httpcore-nio-4.2.2.jar:4.2.2]
	at org.apache.http.impl.nio.conn.PoolingClientAsyncConnectionManager.execute(PoolingClientAsyncConnectionManager.java:108) ~[httpasyncclient-4.0-beta3.jar:4.0-beta3]
	at org.apache.http.impl.nio.client.AbstractHttpAsyncClient.doExecute(AbstractHttpAsyncClient.java:464) ~[httpasyncclient-4.0-beta3.jar:4.0-beta3]
	at org.apache.http.impl.nio.client.AbstractHttpAsyncClient.access$000(AbstractHttpAsyncClient.java:101) ~[httpasyncclient-4.0-beta3.jar:4.0-beta3]
	at org.apache.http.impl.nio.client.AbstractHttpAsyncClient$1.run(AbstractHttpAsyncClient.java:485) ~[httpasyncclient-4.0-beta3.jar:4.0-beta3]
[10:28:55.540][WARN][ProcModule:296] poll msg error, retrying....
iqq.im.QQException: IO_TIMEOUT
	at iqq.im.action.AbstractHttpAction.doRetryIt(AbstractHttpAction.java:251) [classes/:na]
	at iqq.im.action.AbstractHttpAction.onHttpError(AbstractHttpAction.java:102) [classes/:na]
	at iqq.im.actor.HttpActor.execute(HttpActor.java:72) [classes/:na]
	at iqq.im.actor.ThreadActorDispatcher.dispatchAction(ThreadActorDispatcher.java:71) [classes/:na]
	at iqq.im.actor.ThreadActorDispatcher.run(ThreadActorDispatcher.java:84) [classes/:na]
	at java.lang.Thread.run(Thread.java:745) [na:1.8.0_25]
java.net.SocketTimeoutException: null
	at org.apache.http.nio.pool.RouteSpecificPool.timeout(RouteSpecificPool.java:170) ~[httpcore-nio-4.2.2.jar:4.2.2]
	at org.apache.http.nio.pool.AbstractNIOConnPool.requestTimeout(AbstractNIOConnPool.java:403) ~[httpcore-nio-4.2.2.jar:4.2.2]
	at org.apache.http.nio.pool.AbstractNIOConnPool$InternalSessionRequestCallback.timeout(AbstractNIOConnPool.java:593) ~[httpcore-nio-4.2.2.jar:4.2.2]
	at org.apache.http.impl.nio.reactor.SessionRequestImpl.timeout(SessionRequestImpl.java:180) ~[httpcore-nio-4.2.2.jar:4.2.2]
	at org.apache.http.impl.nio.reactor.DefaultConnectingIOReactor.processTimeouts(DefaultConnectingIOReactor.java:214) ~[httpcore-nio-4.2.2.jar:4.2.2]
	at org.apache.http.impl.nio.reactor.DefaultConnectingIOReactor.processEvents(DefaultConnectingIOReactor.java:157) ~[httpcore-nio-4.2.2.jar:4.2.2]
	at org.apache.http.impl.nio.reactor.AbstractMultiworkerIOReactor.execute(AbstractMultiworkerIOReactor.java:374) ~[httpcore-nio-4.2.2.jar:4.2.2]
	at org.apache.http.impl.nio.conn.PoolingClientAsyncConnectionManager.execute(PoolingClientAsyncConnectionManager.java:108) ~[httpasyncclient-4.0-beta3.jar:4.0-beta3]
	at org.apache.http.impl.nio.client.AbstractHttpAsyncClient.doExecute(AbstractHttpAsyncClient.java:464) ~[httpasyncclient-4.0-beta3.jar:4.0-beta3]
	at org.apache.http.impl.nio.client.AbstractHttpAsyncClient.access$000(AbstractHttpAsyncClient.java:101) ~[httpasyncclient-4.0-beta3.jar:4.0-beta3]
	at org.apache.http.impl.nio.client.AbstractHttpAsyncClient$1.run(AbstractHttpAsyncClient.java:485) ~[httpasyncclient-4.0-beta3.jar:4.0-beta3]
[10:39:28.012][WARN][ProcModule:296] poll msg error, retrying....
iqq.im.QQException: ERROR_HTTP_STATUS
	at iqq.im.action.AbstractHttpAction.doRetryIt(AbstractHttpAction.java:251) [classes/:na]
	at iqq.im.action.AbstractHttpAction.onHttpStatusError(AbstractHttpAction.java:199) [classes/:na]
	at iqq.im.action.AbstractHttpAction.onHttpFinish(AbstractHttpAction.java:87) [classes/:na]
	at iqq.im.action.PollMsgAction.onHttpFinish(PollMsgAction.java:109) [classes/:na]
	at iqq.im.actor.HttpActor.execute(HttpActor.java:76) [classes/:na]
	at iqq.im.actor.ThreadActorDispatcher.dispatchAction(ThreadActorDispatcher.java:71) [classes/:na]
	at iqq.im.actor.ThreadActorDispatcher.run(ThreadActorDispatcher.java:84) [classes/:na]
	at java.lang.Thread.run(Thread.java:745) [na:1.8.0_25]
[10:40:29.935][WARN][ProcModule:296] poll msg error, retrying....
iqq.im.QQException: ERROR_HTTP_STATUS
	at iqq.im.action.AbstractHttpAction.doRetryIt(AbstractHttpAction.java:251) [classes/:na]
	at iqq.im.action.AbstractHttpAction.onHttpStatusError(AbstractHttpAction.java:199) [classes/:na]
	at iqq.im.action.AbstractHttpAction.onHttpFinish(AbstractHttpAction.java:87) [classes/:na]
	at iqq.im.action.PollMsgAction.onHttpFinish(PollMsgAction.java:109) [classes/:na]
	at iqq.im.actor.HttpActor.execute(HttpActor.java:76) [classes/:na]
	at iqq.im.actor.ThreadActorDispatcher.dispatchAction(ThreadActorDispatcher.java:71) [classes/:na]
	at iqq.im.actor.ThreadActorDispatcher.run(ThreadActorDispatcher.java:84) [classes/:na]
	at java.lang.Thread.run(Thread.java:745) [na:1.8.0_25]
[10:46:38.852][WARN][ProcModule:296] poll msg error, retrying....
iqq.im.QQException: ERROR_HTTP_STATUS
	at iqq.im.action.AbstractHttpAction.doRetryIt(AbstractHttpAction.java:251) [classes/:na]
	at iqq.im.action.AbstractHttpAction.onHttpStatusError(AbstractHttpAction.java:199) [classes/:na]
	at iqq.im.action.AbstractHttpAction.onHttpFinish(AbstractHttpAction.java:87) [classes/:na]
	at iqq.im.action.PollMsgAction.onHttpFinish(PollMsgAction.java:109) [classes/:na]
	at iqq.im.actor.HttpActor.execute(HttpActor.java:76) [classes/:na]
	at iqq.im.actor.ThreadActorDispatcher.dispatchAction(ThreadActorDispatcher.java:71) [classes/:na]
	at iqq.im.actor.ThreadActorDispatcher.run(ThreadActorDispatcher.java:84) [classes/:na]
	at java.lang.Thread.run(Thread.java:745) [na:1.8.0_25]
[10:46:49.504][WARN][ProcModule:296] poll msg error, retrying....
iqq.im.QQException: ERROR_HTTP_STATUS
	at iqq.im.action.AbstractHttpAction.doRetryIt(AbstractHttpAction.java:251) [classes/:na]
	at iqq.im.action.AbstractHttpAction.onHttpStatusError(AbstractHttpAction.java:199) [classes/:na]
	at iqq.im.action.AbstractHttpAction.onHttpFinish(AbstractHttpAction.java:87) [classes/:na]
	at iqq.im.action.PollMsgAction.onHttpFinish(PollMsgAction.java:109) [classes/:na]
	at iqq.im.actor.HttpActor.execute(HttpActor.java:76) [classes/:na]
	at iqq.im.actor.ThreadActorDispatcher.dispatchAction(ThreadActorDispatcher.java:71) [classes/:na]
	at iqq.im.actor.ThreadActorDispatcher.run(ThreadActorDispatcher.java:84) [classes/:na]
	at java.lang.Thread.run(Thread.java:745) [na:1.8.0_25]
[10:49:55.949][WARN][ProcModule:296] poll msg error, retrying....
iqq.im.QQException: ERROR_HTTP_STATUS
	at iqq.im.action.AbstractHttpAction.doRetryIt(AbstractHttpAction.java:251) [classes/:na]
	at iqq.im.action.AbstractHttpAction.onHttpStatusError(AbstractHttpAction.java:199) [classes/:na]
	at iqq.im.action.AbstractHttpAction.onHttpFinish(AbstractHttpAction.java:87) [classes/:na]
	at iqq.im.action.PollMsgAction.onHttpFinish(PollMsgAction.java:109) [classes/:na]
	at iqq.im.actor.HttpActor.execute(HttpActor.java:76) [classes/:na]
	at iqq.im.actor.ThreadActorDispatcher.dispatchAction(ThreadActorDispatcher.java:71) [classes/:na]
	at iqq.im.actor.ThreadActorDispatcher.run(ThreadActorDispatcher.java:84) [classes/:na]
	at java.lang.Thread.run(Thread.java:745) [na:1.8.0_25]
[10:49:57.893][WARN][ProcModule:296] poll msg error, retrying....
iqq.im.QQException: ERROR_HTTP_STATUS
	at iqq.im.action.AbstractHttpAction.doRetryIt(AbstractHttpAction.java:251) [classes/:na]
	at iqq.im.action.AbstractHttpAction.onHttpStatusError(AbstractHttpAction.java:199) [classes/:na]
	at iqq.im.action.AbstractHttpAction.onHttpFinish(AbstractHttpAction.java:87) [classes/:na]
	at iqq.im.action.PollMsgAction.onHttpFinish(PollMsgAction.java:109) [classes/:na]
	at iqq.im.actor.HttpActor.execute(HttpActor.java:76) [classes/:na]
	at iqq.im.actor.ThreadActorDispatcher.dispatchAction(ThreadActorDispatcher.java:71) [classes/:na]
	at iqq.im.actor.ThreadActorDispatcher.run(ThreadActorDispatcher.java:84) [classes/:na]
	at java.lang.Thread.run(Thread.java:745) [na:1.8.0_25]
[10:49:59.595][WARN][ProcModule:296] poll msg error, retrying....
iqq.im.QQException: ERROR_HTTP_STATUS
	at iqq.im.action.AbstractHttpAction.doRetryIt(AbstractHttpAction.java:251) [classes/:na]
	at iqq.im.action.AbstractHttpAction.onHttpStatusError(AbstractHttpAction.java:199) [classes/:na]
	at iqq.im.action.AbstractHttpAction.onHttpFinish(AbstractHttpAction.java:87) [classes/:na]
	at iqq.im.action.PollMsgAction.onHttpFinish(PollMsgAction.java:109) [classes/:na]
	at iqq.im.actor.HttpActor.execute(HttpActor.java:76) [classes/:na]
	at iqq.im.actor.ThreadActorDispatcher.dispatchAction(ThreadActorDispatcher.java:71) [classes/:na]
	at iqq.im.actor.ThreadActorDispatcher.run(ThreadActorDispatcher.java:84) [classes/:na]
	at java.lang.Thread.run(Thread.java:745) [na:1.8.0_25]
[10:52:14.476][WARN][ProcModule:296] poll msg error, retrying....
iqq.im.QQException: IO_TIMEOUT
	at iqq.im.action.AbstractHttpAction.doRetryIt(AbstractHttpAction.java:251) [classes/:na]
	at iqq.im.action.AbstractHttpAction.onHttpError(AbstractHttpAction.java:102) [classes/:na]
	at iqq.im.actor.HttpActor.execute(HttpActor.java:72) [classes/:na]
	at iqq.im.actor.ThreadActorDispatcher.dispatchAction(ThreadActorDispatcher.java:71) [classes/:na]
	at iqq.im.actor.ThreadActorDispatcher.run(ThreadActorDispatcher.java:84) [classes/:na]
	at java.lang.Thread.run(Thread.java:745) [na:1.8.0_25]
java.net.SocketTimeoutException: null
	at org.apache.http.nio.pool.RouteSpecificPool.timeout(RouteSpecificPool.java:170) ~[httpcore-nio-4.2.2.jar:4.2.2]
	at org.apache.http.nio.pool.AbstractNIOConnPool.requestTimeout(AbstractNIOConnPool.java:403) ~[httpcore-nio-4.2.2.jar:4.2.2]
	at org.apache.http.nio.pool.AbstractNIOConnPool$InternalSessionRequestCallback.timeout(AbstractNIOConnPool.java:593) ~[httpcore-nio-4.2.2.jar:4.2.2]
	at org.apache.http.impl.nio.reactor.SessionRequestImpl.timeout(SessionRequestImpl.java:180) ~[httpcore-nio-4.2.2.jar:4.2.2]
	at org.apache.http.impl.nio.reactor.DefaultConnectingIOReactor.processTimeouts(DefaultConnectingIOReactor.java:214) ~[httpcore-nio-4.2.2.jar:4.2.2]
	at org.apache.http.impl.nio.reactor.DefaultConnectingIOReactor.processEvents(DefaultConnectingIOReactor.java:157) ~[httpcore-nio-4.2.2.jar:4.2.2]
	at org.apache.http.impl.nio.reactor.AbstractMultiworkerIOReactor.execute(AbstractMultiworkerIOReactor.java:374) ~[httpcore-nio-4.2.2.jar:4.2.2]
	at org.apache.http.impl.nio.conn.PoolingClientAsyncConnectionManager.execute(PoolingClientAsyncConnectionManager.java:108) ~[httpasyncclient-4.0-beta3.jar:4.0-beta3]
	at org.apache.http.impl.nio.client.AbstractHttpAsyncClient.doExecute(AbstractHttpAsyncClient.java:464) ~[httpasyncclient-4.0-beta3.jar:4.0-beta3]
	at org.apache.http.impl.nio.client.AbstractHttpAsyncClient.access$000(AbstractHttpAsyncClient.java:101) ~[httpasyncclient-4.0-beta3.jar:4.0-beta3]
	at org.apache.http.impl.nio.client.AbstractHttpAsyncClient$1.run(AbstractHttpAsyncClient.java:485) ~[httpasyncclient-4.0-beta3.jar:4.0-beta3]
[10:58:50.948][WARN][QQNotifyHandlerProxy:78] Not found QQNotifyHandler for QQNotifyEvent = QQNotifyEvent [type=BUDDY_STATUS_CHANGE, target=QQUser [qq=0, uin=1430961264, nickname=飘动的心, status=AWAY]]
[10:59:10.569][WARN][QQNotifyHandlerProxy:78] Not found QQNotifyHandler for QQNotifyEvent = QQNotifyEvent [type=BUDDY_STATUS_CHANGE, target=QQUser [qq=0, uin=1430961264, nickname=飘动的心, status=ONLINE]]
[11:13:14.520][WARN][ProcModule:296] poll msg error, retrying....
iqq.im.QQException: ERROR_HTTP_STATUS
	at iqq.im.action.AbstractHttpAction.doRetryIt(AbstractHttpAction.java:251) [classes/:na]
	at iqq.im.action.AbstractHttpAction.onHttpStatusError(AbstractHttpAction.java:199) [classes/:na]
	at iqq.im.action.AbstractHttpAction.onHttpFinish(AbstractHttpAction.java:87) [classes/:na]
	at iqq.im.action.PollMsgAction.onHttpFinish(PollMsgAction.java:109) [classes/:na]
	at iqq.im.actor.HttpActor.execute(HttpActor.java:76) [classes/:na]
	at iqq.im.actor.ThreadActorDispatcher.dispatchAction(ThreadActorDispatcher.java:71) [classes/:na]
	at iqq.im.actor.ThreadActorDispatcher.run(ThreadActorDispatcher.java:84) [classes/:na]
	at java.lang.Thread.run(Thread.java:745) [na:1.8.0_25]
[11:20:29.648][WARN][ProcModule:296] poll msg error, retrying....
iqq.im.QQException: IO_TIMEOUT
	at iqq.im.action.AbstractHttpAction.doRetryIt(AbstractHttpAction.java:251) [classes/:na]
	at iqq.im.action.AbstractHttpAction.onHttpError(AbstractHttpAction.java:102) [classes/:na]
	at iqq.im.actor.HttpActor.execute(HttpActor.java:72) [classes/:na]
	at iqq.im.actor.ThreadActorDispatcher.dispatchAction(ThreadActorDispatcher.java:71) [classes/:na]
	at iqq.im.actor.ThreadActorDispatcher.run(ThreadActorDispatcher.java:84) [classes/:na]
	at java.lang.Thread.run(Thread.java:745) [na:1.8.0_25]
java.net.SocketTimeoutException: null
	at org.apache.http.nio.pool.RouteSpecificPool.timeout(RouteSpecificPool.java:170) ~[httpcore-nio-4.2.2.jar:4.2.2]
	at org.apache.http.nio.pool.AbstractNIOConnPool.requestTimeout(AbstractNIOConnPool.java:403) ~[httpcore-nio-4.2.2.jar:4.2.2]
	at org.apache.http.nio.pool.AbstractNIOConnPool$InternalSessionRequestCallback.timeout(AbstractNIOConnPool.java:593) ~[httpcore-nio-4.2.2.jar:4.2.2]
	at org.apache.http.impl.nio.reactor.SessionRequestImpl.timeout(SessionRequestImpl.java:180) ~[httpcore-nio-4.2.2.jar:4.2.2]
	at org.apache.http.impl.nio.reactor.DefaultConnectingIOReactor.processTimeouts(DefaultConnectingIOReactor.java:214) ~[httpcore-nio-4.2.2.jar:4.2.2]
	at org.apache.http.impl.nio.reactor.DefaultConnectingIOReactor.processEvents(DefaultConnectingIOReactor.java:157) ~[httpcore-nio-4.2.2.jar:4.2.2]
	at org.apache.http.impl.nio.reactor.AbstractMultiworkerIOReactor.execute(AbstractMultiworkerIOReactor.java:374) ~[httpcore-nio-4.2.2.jar:4.2.2]
	at org.apache.http.impl.nio.conn.PoolingClientAsyncConnectionManager.execute(PoolingClientAsyncConnectionManager.java:108) ~[httpasyncclient-4.0-beta3.jar:4.0-beta3]
	at org.apache.http.impl.nio.client.AbstractHttpAsyncClient.doExecute(AbstractHttpAsyncClient.java:464) ~[httpasyncclient-4.0-beta3.jar:4.0-beta3]
	at org.apache.http.impl.nio.client.AbstractHttpAsyncClient.access$000(AbstractHttpAsyncClient.java:101) ~[httpasyncclient-4.0-beta3.jar:4.0-beta3]
	at org.apache.http.impl.nio.client.AbstractHttpAsyncClient$1.run(AbstractHttpAsyncClient.java:485) ~[httpasyncclient-4.0-beta3.jar:4.0-beta3]
[11:20:41.303][WARN][ProcModule:296] poll msg error, retrying....
iqq.im.QQException: IO_TIMEOUT
	at iqq.im.action.AbstractHttpAction.doRetryIt(AbstractHttpAction.java:251) [classes/:na]
	at iqq.im.action.AbstractHttpAction.onHttpError(AbstractHttpAction.java:102) [classes/:na]
	at iqq.im.actor.HttpActor.execute(HttpActor.java:72) [classes/:na]
	at iqq.im.actor.ThreadActorDispatcher.dispatchAction(ThreadActorDispatcher.java:71) [classes/:na]
	at iqq.im.actor.ThreadActorDispatcher.run(ThreadActorDispatcher.java:84) [classes/:na]
	at java.lang.Thread.run(Thread.java:745) [na:1.8.0_25]
java.net.SocketTimeoutException: null
	at org.apache.http.nio.pool.RouteSpecificPool.timeout(RouteSpecificPool.java:170) ~[httpcore-nio-4.2.2.jar:4.2.2]
	at org.apache.http.nio.pool.AbstractNIOConnPool.requestTimeout(AbstractNIOConnPool.java:403) ~[httpcore-nio-4.2.2.jar:4.2.2]
	at org.apache.http.nio.pool.AbstractNIOConnPool$InternalSessionRequestCallback.timeout(AbstractNIOConnPool.java:593) ~[httpcore-nio-4.2.2.jar:4.2.2]
	at org.apache.http.impl.nio.reactor.SessionRequestImpl.timeout(SessionRequestImpl.java:180) ~[httpcore-nio-4.2.2.jar:4.2.2]
	at org.apache.http.impl.nio.reactor.DefaultConnectingIOReactor.processTimeouts(DefaultConnectingIOReactor.java:214) ~[httpcore-nio-4.2.2.jar:4.2.2]
	at org.apache.http.impl.nio.reactor.DefaultConnectingIOReactor.processEvents(DefaultConnectingIOReactor.java:157) ~[httpcore-nio-4.2.2.jar:4.2.2]
	at org.apache.http.impl.nio.reactor.AbstractMultiworkerIOReactor.execute(AbstractMultiworkerIOReactor.java:374) ~[httpcore-nio-4.2.2.jar:4.2.2]
	at org.apache.http.impl.nio.conn.PoolingClientAsyncConnectionManager.execute(PoolingClientAsyncConnectionManager.java:108) ~[httpasyncclient-4.0-beta3.jar:4.0-beta3]
	at org.apache.http.impl.nio.client.AbstractHttpAsyncClient.doExecute(AbstractHttpAsyncClient.java:464) ~[httpasyncclient-4.0-beta3.jar:4.0-beta3]
	at org.apache.http.impl.nio.client.AbstractHttpAsyncClient.access$000(AbstractHttpAsyncClient.java:101) ~[httpasyncclient-4.0-beta3.jar:4.0-beta3]
	at org.apache.http.impl.nio.client.AbstractHttpAsyncClient$1.run(AbstractHttpAsyncClient.java:485) ~[httpasyncclient-4.0-beta3.jar:4.0-beta3]
[11:28:04.443][WARN][ProcModule:296] poll msg error, retrying....
iqq.im.QQException: IO_ERROR
	at iqq.im.action.AbstractHttpAction.doRetryIt(AbstractHttpAction.java:251) [classes/:na]
	at iqq.im.action.AbstractHttpAction.onHttpError(AbstractHttpAction.java:102) [classes/:na]
	at iqq.im.actor.HttpActor.execute(HttpActor.java:72) [classes/:na]
	at iqq.im.actor.ThreadActorDispatcher.dispatchAction(ThreadActorDispatcher.java:71) [classes/:na]
	at iqq.im.actor.ThreadActorDispatcher.run(ThreadActorDispatcher.java:84) [classes/:na]
	at java.lang.Thread.run(Thread.java:745) [na:1.8.0_25]
java.net.UnknownHostException: d.web2.qq.com
	at org.apache.http.impl.nio.reactor.DefaultConnectingIOReactor.validateAddress(DefaultConnectingIOReactor.java:248) ~[httpcore-nio-4.2.2.jar:4.2.2]
	at org.apache.http.impl.nio.reactor.DefaultConnectingIOReactor.processSessionRequests(DefaultConnectingIOReactor.java:268) ~[httpcore-nio-4.2.2.jar:4.2.2]
	at org.apache.http.impl.nio.reactor.DefaultConnectingIOReactor.processEvents(DefaultConnectingIOReactor.java:140) ~[httpcore-nio-4.2.2.jar:4.2.2]
	at org.apache.http.impl.nio.reactor.AbstractMultiworkerIOReactor.execute(AbstractMultiworkerIOReactor.java:374) ~[httpcore-nio-4.2.2.jar:4.2.2]
	at org.apache.http.impl.nio.conn.PoolingClientAsyncConnectionManager.execute(PoolingClientAsyncConnectionManager.java:108) ~[httpasyncclient-4.0-beta3.jar:4.0-beta3]
	at org.apache.http.impl.nio.client.AbstractHttpAsyncClient.doExecute(AbstractHttpAsyncClient.java:464) ~[httpasyncclient-4.0-beta3.jar:4.0-beta3]
	at org.apache.http.impl.nio.client.AbstractHttpAsyncClient.access$000(AbstractHttpAsyncClient.java:101) ~[httpasyncclient-4.0-beta3.jar:4.0-beta3]
	at org.apache.http.impl.nio.client.AbstractHttpAsyncClient$1.run(AbstractHttpAsyncClient.java:485) ~[httpasyncclient-4.0-beta3.jar:4.0-beta3]
[11:28:05.957][WARN][ProcModule:296] poll msg error, retrying....
iqq.im.QQException: IO_ERROR
	at iqq.im.action.AbstractHttpAction.doRetryIt(AbstractHttpAction.java:251) [classes/:na]
	at iqq.im.action.AbstractHttpAction.onHttpError(AbstractHttpAction.java:102) [classes/:na]
	at iqq.im.actor.HttpActor.execute(HttpActor.java:72) [classes/:na]
	at iqq.im.actor.ThreadActorDispatcher.dispatchAction(ThreadActorDispatcher.java:71) [classes/:na]
	at iqq.im.actor.ThreadActorDispatcher.run(ThreadActorDispatcher.java:84) [classes/:na]
	at java.lang.Thread.run(Thread.java:745) [na:1.8.0_25]
java.net.UnknownHostException: d.web2.qq.com
	at org.apache.http.impl.nio.reactor.DefaultConnectingIOReactor.validateAddress(DefaultConnectingIOReactor.java:248) ~[httpcore-nio-4.2.2.jar:4.2.2]
	at org.apache.http.impl.nio.reactor.DefaultConnectingIOReactor.processSessionRequests(DefaultConnectingIOReactor.java:268) ~[httpcore-nio-4.2.2.jar:4.2.2]
	at org.apache.http.impl.nio.reactor.DefaultConnectingIOReactor.processEvents(DefaultConnectingIOReactor.java:140) ~[httpcore-nio-4.2.2.jar:4.2.2]
	at org.apache.http.impl.nio.reactor.AbstractMultiworkerIOReactor.execute(AbstractMultiworkerIOReactor.java:374) ~[httpcore-nio-4.2.2.jar:4.2.2]
	at org.apache.http.impl.nio.conn.PoolingClientAsyncConnectionManager.execute(PoolingClientAsyncConnectionManager.java:108) ~[httpasyncclient-4.0-beta3.jar:4.0-beta3]
	at org.apache.http.impl.nio.client.AbstractHttpAsyncClient.doExecute(AbstractHttpAsyncClient.java:464) ~[httpasyncclient-4.0-beta3.jar:4.0-beta3]
	at org.apache.http.impl.nio.client.AbstractHttpAsyncClient.access$000(AbstractHttpAsyncClient.java:101) ~[httpasyncclient-4.0-beta3.jar:4.0-beta3]
	at org.apache.http.impl.nio.client.AbstractHttpAsyncClient$1.run(AbstractHttpAsyncClient.java:485) ~[httpasyncclient-4.0-beta3.jar:4.0-beta3]
[11:28:07.472][WARN][ProcModule:296] poll msg error, retrying....
iqq.im.QQException: IO_ERROR
	at iqq.im.action.AbstractHttpAction.doRetryIt(AbstractHttpAction.java:251) [classes/:na]
	at iqq.im.action.AbstractHttpAction.onHttpError(AbstractHttpAction.java:102) [classes/:na]
	at iqq.im.actor.HttpActor.execute(HttpActor.java:72) [classes/:na]
	at iqq.im.actor.ThreadActorDispatcher.dispatchAction(ThreadActorDispatcher.java:71) [classes/:na]
	at iqq.im.actor.ThreadActorDispatcher.run(ThreadActorDispatcher.java:84) [classes/:na]
	at java.lang.Thread.run(Thread.java:745) [na:1.8.0_25]
java.net.UnknownHostException: d.web2.qq.com
	at org.apache.http.impl.nio.reactor.DefaultConnectingIOReactor.validateAddress(DefaultConnectingIOReactor.java:248) ~[httpcore-nio-4.2.2.jar:4.2.2]
	at org.apache.http.impl.nio.reactor.DefaultConnectingIOReactor.processSessionRequests(DefaultConnectingIOReactor.java:268) ~[httpcore-nio-4.2.2.jar:4.2.2]
	at org.apache.http.impl.nio.reactor.DefaultConnectingIOReactor.processEvents(DefaultConnectingIOReactor.java:140) ~[httpcore-nio-4.2.2.jar:4.2.2]
	at org.apache.http.impl.nio.reactor.AbstractMultiworkerIOReactor.execute(AbstractMultiworkerIOReactor.java:374) ~[httpcore-nio-4.2.2.jar:4.2.2]
	at org.apache.http.impl.nio.conn.PoolingClientAsyncConnectionManager.execute(PoolingClientAsyncConnectionManager.java:108) ~[httpasyncclient-4.0-beta3.jar:4.0-beta3]
	at org.apache.http.impl.nio.client.AbstractHttpAsyncClient.doExecute(AbstractHttpAsyncClient.java:464) ~[httpasyncclient-4.0-beta3.jar:4.0-beta3]
	at org.apache.http.impl.nio.client.AbstractHttpAsyncClient.access$000(AbstractHttpAsyncClient.java:101) ~[httpasyncclient-4.0-beta3.jar:4.0-beta3]
	at org.apache.http.impl.nio.client.AbstractHttpAsyncClient$1.run(AbstractHttpAsyncClient.java:485) ~[httpasyncclient-4.0-beta3.jar:4.0-beta3]
[11:28:08.986][WARN][ProcModule:296] poll msg error, retrying....
iqq.im.QQException: IO_ERROR
	at iqq.im.action.AbstractHttpAction.doRetryIt(AbstractHttpAction.java:251) [classes/:na]
	at iqq.im.action.AbstractHttpAction.onHttpError(AbstractHttpAction.java:102) [classes/:na]
	at iqq.im.actor.HttpActor.execute(HttpActor.java:72) [classes/:na]
	at iqq.im.actor.ThreadActorDispatcher.dispatchAction(ThreadActorDispatcher.java:71) [classes/:na]
	at iqq.im.actor.ThreadActorDispatcher.run(ThreadActorDispatcher.java:84) [classes/:na]
	at java.lang.Thread.run(Thread.java:745) [na:1.8.0_25]
java.net.UnknownHostException: d.web2.qq.com
	at org.apache.http.impl.nio.reactor.DefaultConnectingIOReactor.validateAddress(DefaultConnectingIOReactor.java:248) ~[httpcore-nio-4.2.2.jar:4.2.2]
	at org.apache.http.impl.nio.reactor.DefaultConnectingIOReactor.processSessionRequests(DefaultConnectingIOReactor.java:268) ~[httpcore-nio-4.2.2.jar:4.2.2]
	at org.apache.http.impl.nio.reactor.DefaultConnectingIOReactor.processEvents(DefaultConnectingIOReactor.java:140) ~[httpcore-nio-4.2.2.jar:4.2.2]
	at org.apache.http.impl.nio.reactor.AbstractMultiworkerIOReactor.execute(AbstractMultiworkerIOReactor.java:374) ~[httpcore-nio-4.2.2.jar:4.2.2]
	at org.apache.http.impl.nio.conn.PoolingClientAsyncConnectionManager.execute(PoolingClientAsyncConnectionManager.java:108) ~[httpasyncclient-4.0-beta3.jar:4.0-beta3]
	at org.apache.http.impl.nio.client.AbstractHttpAsyncClient.doExecute(AbstractHttpAsyncClient.java:464) ~[httpasyncclient-4.0-beta3.jar:4.0-beta3]
	at org.apache.http.impl.nio.client.AbstractHttpAsyncClient.access$000(AbstractHttpAsyncClient.java:101) ~[httpasyncclient-4.0-beta3.jar:4.0-beta3]
	at org.apache.http.impl.nio.client.AbstractHttpAsyncClient$1.run(AbstractHttpAsyncClient.java:485) ~[httpasyncclient-4.0-beta3.jar:4.0-beta3]
[11:28:10.500][WARN][QQNotifyHandlerProxy:78] Not found QQNotifyHandler for QQNotifyEvent = QQNotifyEvent [type=NET_ERROR, target=iqq.im.QQException: IO_ERROR]
